<?xml version="1.0" encoding="UTF-8"?>
<!-- Generated by org.testng.reporters.JUnitReportReporter -->
<testsuite hostname="LTIN201281" failures="0" tests="10" name="testCases.TC_003_giftCardTest" time="114.877" errors="0" timestamp="2024-03-06T16:34:54 IST" skipped="0">
  <testcase classname="testCases.TC_003_giftCardTest" name="click_on_gift_cards" time="53.804"/>
  <system-out/>
  <testcase classname="testCases.TC_003_giftCardTest" name="click_on_gift_cards" time="45.216"/>
  <system-out/>
  <testcase classname="testCases.TC_003_giftCardTest" name="customise_your_gift_card" time="2.676"/>
  <system-out/>
  <testcase classname="testCases.TC_003_giftCardTest" name="customise_your_gift_card" time="1.818"/>
  <system-out/>
  <testcase classname="testCases.TC_003_giftCardTest" name="checking_with_invalidEmail" time="4.283"/>
  <system-out/>
  <testcase classname="testCases.TC_003_giftCardTest" name="checking_with_invalidEmail" time="3.806"/>
  <system-out/>
  <testcase classname="testCases.TC_003_giftCardTest" name="checking_with_validEmail" time="0.888"/>
  <system-out/>
  <testcase classname="testCases.TC_003_giftCardTest" name="checking_with_validEmail" time="1.082"/>
  <system-out/>
  <testcase classname="testCases.TC_003_giftCardTest" name="validDetails" time="0.709"/>
  <system-out/>
  <testcase classname="testCases.TC_003_giftCardTest" name="validDetails" time="0.595"/>
  <system-out/>
</testsuite> <!-- testCases.TC_003_giftCardTest -->
