<?xml version="1.0" encoding="UTF-8"?>
<!-- Generated by org.testng.reporters.JUnitReportReporter -->
<testsuite hostname="LTIN201281" failures="0" tests="8" name="testCases.TC_001_productsSearch" time="55.062" errors="0" timestamp="2024-03-06T16:34:54 IST" skipped="0">
  <testcase classname="testCases.TC_001_productsSearch" name="search_for_bookshelves" time="2.313"/>
  <system-out/>
  <testcase classname="testCases.TC_001_productsSearch" name="search_for_bookshelves" time="3.538"/>
  <system-out/>
  <testcase classname="testCases.TC_001_productsSearch" name="close_popup" time="3.174"/>
  <system-out/>
  <testcase classname="testCases.TC_001_productsSearch" name="close_popup" time="3.559"/>
  <system-out/>
  <testcase classname="testCases.TC_001_productsSearch" name="apply_filters" time="9.475"/>
  <system-out/>
  <testcase classname="testCases.TC_001_productsSearch" name="apply_filters" time="8.659"/>
  <system-out/>
  <testcase classname="testCases.TC_001_productsSearch" name="get_top_3_products" time="10.832"/>
  <system-out/>
  <testcase classname="testCases.TC_001_productsSearch" name="get_top_3_products" time="13.512"/>
  <system-out/>
</testsuite> <!-- testCases.TC_001_productsSearch -->
