<?xml version="1.0" encoding="UTF-8"?>
<!-- Generated by org.testng.reporters.JUnitReportReporter -->
<testsuite hostname="LTIN201281" failures="0" tests="2" name="testCases.TC_002_Collections" time="8.393" errors="0" timestamp="2024-02-29T10:42:50 IST" skipped="0">
  <testcase classname="testCases.TC_002_Collections" name="go_to_Living_collections" time="5.699"/>
  <system-out/>
  <testcase classname="testCases.TC_002_Collections" name="get_all_sub_menus" time="2.694"/>
  <system-out/>
</testsuite> <!-- testCases.TC_002_Collections -->
