<?xml version="1.0" encoding="UTF-8"?>
<!-- Generated by org.testng.reporters.JUnitReportReporter -->
<testsuite hostname="LTIN201281" failures="0" tests="4" name="testCases.TC_002_Collections" time="41.491" errors="0" timestamp="2024-03-06T16:34:54 IST" skipped="0">
  <testcase classname="testCases.TC_002_Collections" name="go_to_Living_collections" time="2.220"/>
  <system-out/>
  <testcase classname="testCases.TC_002_Collections" name="go_to_Living_collections" time="1.241"/>
  <system-out/>
  <testcase classname="testCases.TC_002_Collections" name="get_all_sub_menus" time="4.234"/>
  <system-out/>
  <testcase classname="testCases.TC_002_Collections" name="get_all_sub_menus" time="33.796"/>
  <system-out/>
</testsuite> <!-- testCases.TC_002_Collections -->
