<?xml version="1.0" encoding="UTF-8"?>
<!-- Generated by org.testng.reporters.JUnitReportReporter -->
<testsuite hostname="LTIN201281" failures="0" tests="5" name="testCases.TC_003_giftCardTest" time="21.276" errors="0" timestamp="2024-02-29T10:42:50 IST" skipped="0">
  <testcase classname="testCases.TC_003_giftCardTest" name="click_on_gift_cards" time="11.680"/>
  <system-out/>
  <testcase classname="testCases.TC_003_giftCardTest" name="customise_your_gift_card" time="2.367"/>
  <system-out/>
  <testcase classname="testCases.TC_003_giftCardTest" name="checking_with_invalidEmail" time="5.763"/>
  <system-out/>
  <testcase classname="testCases.TC_003_giftCardTest" name="checking_with_validEmail" time="0.797"/>
  <system-out/>
  <testcase classname="testCases.TC_003_giftCardTest" name="validDetails" time="0.669"/>
  <system-out/>
</testsuite> <!-- testCases.TC_003_giftCardTest -->
