<?xml version="1.0" encoding="UTF-8"?>
<!-- Generated by org.testng.reporters.JUnitReportReporter -->
<testsuite hostname="LTIN201281" failures="0" tests="3" name="testRunner.TestRun" time="144.991" errors="0" timestamp="2024-03-06T16:27:41 IST" skipped="0">
  <testcase classname="testRunner.TestRun" name="runScenario" time="44.390"/>
  <system-out/>
  <testcase classname="testRunner.TestRun" name="runScenario" time="19.210"/>
  <system-out/>
  <testcase classname="testRunner.TestRun" name="runScenario" time="81.391"/>
  <system-out/>
</testsuite> <!-- testRunner.TestRun -->
